2023.01.16 17:36:12 INFO  tracing is disabled for protocol LSP, to enable tracing of incoming and outgoing JSON messages create an empty file at /home/henil/Documents/Algorithm/Algorithms-1/.metals/lsp.trace.json or /home/henil/.cache/metals/lsp.trace.json
2023.01.16 17:36:16 INFO  logging to file /home/henil/Documents/Algorithm/Algorithms-1/.metals/metals.log
2023.01.16 17:36:16 INFO  Started: Metals version 0.11.9 in workspace '/home/henil/Documents/Algorithm/Algorithms-1' for client Visual Studio Code 1.74.3.
2023.01.16 17:36:21 INFO  time: initialize in 5.12s
2023.01.16 17:36:25 WARN  Build server is not auto-connectable.
2023.01.16 17:36:25 WARN  no build tool detected in workspace '/home/henil/Documents/Algorithm/Algorithms-1'. The most common cause for this problem is that the editor was opened in the wrong working directory, for example if you use sbt then the workspace directory should contain build.sbt. 
2023.01.16 17:36:25 WARN  no build target for: /home/henil/Documents/Algorithm/Algorithms-1/FirstAssignment/RandomWord.java
Jan 16, 2023 5:36:26 PM org.eclipse.lsp4j.jsonrpc.RemoteEndpoint handleCancellation
WARNING: Unmatched cancel notification for request id 2
2023.01.16 17:36:28 INFO  time: code lens generation in 2.58s
2023.01.16 17:36:30 WARN  no build target for: /home/henil/Documents/Algorithm/Algorithms-1/BinarySearch/BinarySearch.java
2023.01.16 17:36:33 INFO  time: code lens generation in 1.45s
Jan 16, 2023 5:37:00 PM org.eclipse.lsp4j.jsonrpc.services.GenericEndpoint notify
INFO: Unsupported notification method: $/setTrace
2023.01.16 17:38:11 WARN  no build target for: /home/henil/Documents/Algorithm/Algorithms-1/FirstAssignment/HelloWorld.java
2023.01.16 17:38:14 WARN  no build target for: /home/henil/Documents/Algorithm/Algorithms-1/FirstAssignment/HelloGoodbye.java
2023.01.16 17:39:43 WARN  no build target for: /home/henil/Documents/Algorithm/Algorithms-1/FirstAssignment/RandomWord.java
Jan 16, 2023 5:43:35 PM org.eclipse.lsp4j.jsonrpc.RemoteEndpoint handleCancellation
WARNING: Unmatched cancel notification for request id 115
2023.01.16 17:43:39 WARN  no build target for: /home/henil/Documents/Algorithm/Algorithms-1/FirstAssignment/RandomWord.java
2023.01.16 17:43:57 WARN  no build target for: /home/henil/Documents/Algorithm/Algorithms-1/FirstAssignment/RandomWord.java
2023.01.16 17:46:18 WARN  no build target for: /home/henil/Documents/Algorithm/Algorithms-1/FirstAssignment/RandomWord.java
2023.01.16 17:53:38 WARN  no build target for: /home/henil/Documents/Algorithm/Algorithms-1/FirstAssignment/RandomWord.java
2023.01.16 17:56:08 WARN  no build target for: /home/henil/Documents/Algorithm/Algorithms-1/FirstAssignment/RandomWord.java
Jan 16, 2023 6:00:26 PM org.eclipse.lsp4j.jsonrpc.RemoteEndpoint handleNotification
WARNING: Notification threw an exception: {
  "jsonrpc": "2.0",
  "method": "metals/didFocusTextDocument",
  "params": [
    "jdt://contents/algs4.jar/edu.princeton.cs.algs4/StdIn.class?%3DAlgorithms-1_e036f41b%2F%5C%2Fhome%5C%2Fhenil%5C%2FDocuments%5C%2FAlgorithm%5C%2Falgs4%5C%2Falgs4.jar%3Cedu.princeton.cs.algs4%28StdIn.class"
  ]
}
java.lang.RuntimeException: java.lang.reflect.InvocationTargetException
	at org.eclipse.lsp4j.jsonrpc.services.GenericEndpoint.lambda$null$0(GenericEndpoint.java:67)
	at org.eclipse.lsp4j.jsonrpc.services.GenericEndpoint.notify(GenericEndpoint.java:152)
	at org.eclipse.lsp4j.jsonrpc.RemoteEndpoint.handleNotification(RemoteEndpoint.java:220)
	at org.eclipse.lsp4j.jsonrpc.RemoteEndpoint.consume(RemoteEndpoint.java:187)
	at org.eclipse.lsp4j.jsonrpc.json.StreamMessageProducer.handleMessage(StreamMessageProducer.java:194)
	at org.eclipse.lsp4j.jsonrpc.json.StreamMessageProducer.listen(StreamMessageProducer.java:94)
	at org.eclipse.lsp4j.jsonrpc.json.ConcurrentMessageProcessor.run(ConcurrentMessageProcessor.java:113)
	at java.base/java.util.concurrent.Executors$RunnableAdapter.call(Executors.java:515)
	at java.base/java.util.concurrent.FutureTask.run(FutureTask.java:264)
	at java.base/java.util.concurrent.ThreadPoolExecutor.runWorker(ThreadPoolExecutor.java:1128)
	at java.base/java.util.concurrent.ThreadPoolExecutor$Worker.run(ThreadPoolExecutor.java:628)
	at java.base/java.lang.Thread.run(Thread.java:829)
Caused by: java.lang.reflect.InvocationTargetException
	at java.base/jdk.internal.reflect.NativeMethodAccessorImpl.invoke0(Native Method)
	at java.base/jdk.internal.reflect.NativeMethodAccessorImpl.invoke(NativeMethodAccessorImpl.java:62)
	at java.base/jdk.internal.reflect.DelegatingMethodAccessorImpl.invoke(DelegatingMethodAccessorImpl.java:43)
	at java.base/java.lang.reflect.Method.invoke(Method.java:566)
	at org.eclipse.lsp4j.jsonrpc.services.GenericEndpoint.lambda$null$0(GenericEndpoint.java:65)
	... 11 more
Caused by: java.nio.file.FileSystemNotFoundException: Provider "jdt" not installed
	at java.base/java.nio.file.Path.of(Path.java:212)
	at java.base/java.nio.file.Paths.get(Paths.java:97)
	at scala.meta.internal.mtags.MtagsEnrichments$XtensionURIMtags.toAbsolutePath(MtagsEnrichments.scala:117)
	at scala.meta.internal.mtags.MtagsEnrichments$XtensionStringMtags.toAbsolutePath(MtagsEnrichments.scala:143)
	at scala.meta.internal.metals.MetalsEnrichments$XtensionString.toAbsolutePath(MetalsEnrichments.scala:609)
	at scala.meta.internal.metals.MetalsEnrichments$XtensionString.toAbsolutePath(MetalsEnrichments.scala:606)
	at scala.meta.internal.metals.MetalsLanguageServer.didFocus(MetalsLanguageServer.scala:1169)
	... 16 more

2023.01.16 18:01:33 WARN  no build target for: /home/henil/Documents/Algorithm/Algorithms-1/FirstAssignment/RandomWord.java
2023.01.16 18:02:28 WARN  no build target for: /home/henil/Documents/Algorithm/Algorithms-1/FirstAssignment/RandomWord.java
2023.01.16 18:03:05 WARN  no build target for: /home/henil/Documents/Algorithm/Algorithms-1/FirstAssignment/RandomWord.java
2023.01.16 23:11:46 WARN  no build target for: /home/henil/Documents/Algorithm/Algorithms-1/FirstAssignment/RandomWord.java
2023.01.16 23:24:11 WARN  no build target for: /home/henil/Documents/Algorithm/Algorithms-1/FirstAssignment/RandomWord.java
2023.01.16 23:40:58 WARN  no build target for: /home/henil/Documents/Algorithm/Algorithms-1/FirstAssignment/RandomWord.java
2023.01.16 23:41:38 WARN  no build target for: /home/henil/Documents/Algorithm/Algorithms-1/FirstAssignment/RandomWord.java
2023.01.16 23:44:11 WARN  no build target for: /home/henil/Documents/Algorithm/Algorithms-1/FirstAssignment/RandomWord.java
2023.02.11 16:43:30 INFO  tracing is disabled for protocol LSP, to enable tracing of incoming and outgoing JSON messages create an empty file at /home/henil/Documents/Algorithm/Algorithms-1/.metals/lsp.trace.json or /home/henil/.cache/metals/lsp.trace.json
2023.02.11 16:43:31 INFO  logging to file /home/henil/Documents/Algorithm/Algorithms-1/.metals/metals.log
2023.02.11 16:43:31 INFO  Started: Metals version 0.11.10 in workspace '/home/henil/Documents/Algorithm/Algorithms-1' for client Visual Studio Code 1.75.0.
SLF4J: No SLF4J providers were found.
SLF4J: Defaulting to no-operation (NOP) logger implementation
SLF4J: See https://www.slf4j.org/codes.html#noProviders for further details.
SLF4J: Class path contains SLF4J bindings targeting slf4j-api versions 1.7.x or earlier.
SLF4J: Ignoring binding found at [jar:file:/home/henil/.cache/coursier/v1/https/repo1.maven.org/maven2/com/outr/scribe-slf4j_2.13/3.10.5/scribe-slf4j_2.13-3.10.5.jar!/org/slf4j/impl/StaticLoggerBinder.class]
SLF4J: See https://www.slf4j.org/codes.html#ignoredBindings for an explanation.
2023.02.11 16:43:33 INFO  time: initialize in 1.99s
2023.02.11 16:43:36 WARN  Build server is not auto-connectable.
Feb 11, 2023 4:43:36 PM org.eclipse.lsp4j.jsonrpc.RemoteEndpoint handleCancellation
WARNING: Unmatched cancel notification for request id 1
2023.02.11 16:43:36 WARN  no build tool detected in workspace '/home/henil/Documents/Algorithm/Algorithms-1'. The most common cause for this problem is that the editor was opened in the wrong working directory, for example if you use sbt then the workspace directory should contain build.sbt. 
2023.02.11 16:43:36 WARN  no build target for: /home/henil/Documents/Algorithm/Algorithms-1/FirstAssignment/RandomWord.java
Feb 11, 2023 4:43:36 PM org.eclipse.lsp4j.jsonrpc.RemoteEndpoint handleCancellation
WARNING: Unmatched cancel notification for request id 3
Feb 11, 2023 4:43:36 PM org.eclipse.lsp4j.jsonrpc.RemoteEndpoint handleCancellation
WARNING: Unmatched cancel notification for request id 5
2023.02.11 16:48:38 ERROR text document: file:///home/henil/Documents/Algorithm/Algorithms-1/FirstAssignment/RandomWord.javajava.nio.file.NoSuchFileException: /home/henil/Documents/Algorithm/Algorithms-1/FirstAssignment/RandomWord.java
	at sun.nio.fs.UnixException.translateToIOException(UnixException.java:92)
	at sun.nio.fs.UnixException.rethrowAsIOException(UnixException.java:111)
	at sun.nio.fs.UnixException.rethrowAsIOException(UnixException.java:116)
	at sun.nio.fs.UnixFileSystemProvider.newByteChannel(UnixFileSystemProvider.java:219)
	at java.nio.file.Files.newByteChannel(Files.java:371)
	at java.nio.file.Files.newByteChannel(Files.java:422)
	at java.nio.file.Files.readAllBytes(Files.java:3206)
	at scala.meta.internal.io.PlatformFileIO$.slurp(PlatformFileIO.scala:45)
	at scala.meta.internal.io.FileIO$.slurp(FileIO.scala:24)
	at scala.meta.internal.metals.InteractiveSemanticdbs.$anonfun$textDocument$2(InteractiveSemanticdbs.scala:90)
	at scala.Option.getOrElse(Option.scala:201)
	at scala.meta.internal.metals.InteractiveSemanticdbs.$anonfun$textDocument$1(InteractiveSemanticdbs.scala:90)
	at java.util.HashMap.compute(HashMap.java:1229)
	at java.util.Collections$SynchronizedMap.compute(Collections.java:2692)
	at scala.meta.internal.metals.InteractiveSemanticdbs.textDocument(InteractiveSemanticdbs.scala:89)
	at scala.meta.internal.metals.InteractiveSemanticdbs.textDocument(InteractiveSemanticdbs.scala:63)
	at scala.meta.internal.metals.AggregateSemanticdbs.loop$1(AggregateSemanticdbs.scala:30)
	at scala.meta.internal.metals.AggregateSemanticdbs.textDocument(AggregateSemanticdbs.scala:36)
	at scala.meta.internal.metals.CodeLensProvider.findLenses(CodeLensProvider.scala:22)
	at scala.meta.internal.metals.MetalsLanguageServer.$anonfun$codeLens$2(MetalsLanguageServer.scala:1793)
	at scala.meta.internal.metals.TimerProvider.timedThunk(TimerProvider.scala:25)
	at scala.meta.internal.metals.MetalsLanguageServer.$anonfun$codeLens$1(MetalsLanguageServer.scala:1791)
	at scala.meta.internal.metals.CancelTokens$.$anonfun$apply$2(CancelTokens.scala:26)
	at scala.concurrent.Future$.$anonfun$apply$1(Future.scala:678)
	at scala.concurrent.impl.Promise$Transformation.run(Promise.scala:467)
	at java.util.concurrent.ThreadPoolExecutor.runWorker(ThreadPoolExecutor.java:1128)
	at java.util.concurrent.ThreadPoolExecutor$Worker.run(ThreadPoolExecutor.java:628)
	at java.lang.Thread.run(Thread.java:829)

2023.02.11 16:48:45 WARN  no build target for: /home/henil/Documents/Algorithm/Algorithms-1/BinarySearch/BinarySearch.java
